# JRE version: OpenJDK Runtime Environment Corretto-18.0.2.9.1 (18.0.2+9) (build 18.0.2+9-FR)
# Java VM: OpenJDK 64-Bit Server VM Corretto-18.0.2.9.1 (18.0.2+9-FR, mixed mode, sharing, tiered, compressed oops, compressed class ptrs, g1 gc, windows-amd64)
GC Precious Log:
 CardTable entry size: 512
 Card Set container configuration: InlinePtr #cards 5 size 8 Array Of Cards #cards 12 size 40 Howl #buckets 4 coarsen threshold 1843 Howl Bitmap #cards 512 size 80 coarsen threshold 460 Card regions per heap region 1 cards per card region 2048
 CPUs: 12 total, 12 available
 Memory: 7930M
 Large Page Support: Disabled
 NUMA Support: Disabled
 Compressed Oops: Enabled (32-bit)
 Heap Region Size: 1M
 Heap Min Capacity: 8M
 Heap Initial Capacity: 124M
 Heap Max Capacity: 1984M
 Pre-touch: Disabled
 Parallel Workers: 10
 Concurrent Workers: 3
 Concurrent Refinement Workers: 10
 Periodic GC: Disabled
Heap:
 garbage-first heap   total 208896K, used 92326K [0x0000000084000000, 0x0000000100000000)
  region size 1024K, 4 young (4096K), 1 survivors (1024K)
 Metaspace       used 7432K, committed 7616K, reserved 1114112K
  class space    used 381K, committed 448K, reserved 1048576K
GC Heap History (16 events):
Event: 0.738 GC heap before
{Heap before GC invocations=0 (full 0):
 garbage-first heap   total 126976K, used 32768K [0x0000000084000000, 0x0000000100000000)
  region size 1024K, 23 young (23552K), 0 survivors (0K)
 Metaspace       used 6344K, committed 6528K, reserved 1114112K
  class space    used 346K, committed 448K, reserved 1048576K
}
Event: 0.746 GC heap after
{Heap after GC invocations=1 (full 0):
 garbage-first heap   total 126976K, used 17226K [0x0000000084000000, 0x0000000100000000)
  region size 1024K, 3 young (3072K), 3 survivors (3072K)
 Metaspace       used 6344K, committed 6528K, reserved 1114112K
  class space    used 346K, committed 448K, reserved 1048576K
}
Event: 1.569 GC heap before
{Heap before GC invocations=1 (full 0):
 garbage-first heap   total 126976K, used 41802K [0x0000000084000000, 0x0000000100000000)
  region size 1024K, 28 young (28672K), 3 survivors (3072K)
 Metaspace       used 6758K, committed 6912K, reserved 1114112K
  class space    used 374K, committed 448K, reserved 1048576K
}
Event: 1.583 GC heap after
{Heap after GC invocations=2 (full 0):
 garbage-first heap   total 126976K, used 31704K [0x0000000084000000, 0x0000000100000000)
  region size 1024K, 4 young (4096K), 4 survivors (4096K)
 Metaspace       used 6758K, committed 6912K, reserved 1114112K
  class space    used 374K, committed 448K, reserved 1048576K
}
Event: 1.678 GC heap before
{Heap before GC invocations=2 (full 0):
 garbage-first heap   total 126976K, used 61400K [0x0000000084000000, 0x0000000100000000)
  region size 1024K, 34 young (34816K), 4 survivors (4096K)
 Metaspace       used 6796K, committed 6976K, reserved 1114112K
  class space    used 375K, committed 448K, reserved 1048576K
}
Event: 1.693 GC heap after
{Heap after GC invocations=3 (full 0):
 garbage-first heap   total 126976K, used 49152K [0x0000000084000000, 0x0000000100000000)
  region size 1024K, 5 young (5120K), 5 survivors (5120K)
 Metaspace       used 6796K, committed 6976K, reserved 1114112K
  class space    used 375K, committed 448K, reserved 1048576K
}
Event: 1.860 GC heap before
{Heap before GC invocations=3 (full 0):
 garbage-first heap   total 126976K, used 72704K [0x0000000084000000, 0x0000000100000000)
  region size 1024K, 29 young (29696K), 5 survivors (5120K)
 Metaspace       used 6856K, committed 7040K, reserved 1114112K
  class space    used 379K, committed 448K, reserved 1048576K
}
Event: 1.873 GC heap after
{Heap after GC invocations=4 (full 0):
 garbage-first heap   total 126976K, used 63488K [0x0000000084000000, 0x0000000100000000)
  region size 1024K, 4 young (4096K), 4 survivors (4096K)
 Metaspace       used 6856K, committed 7040K, reserved 1114112K
  class space    used 379K, committed 448K, reserved 1048576K
}
Event: 1.935 GC heap before
{Heap before GC invocations=4 (full 0):
 garbage-first heap   total 126976K, used 82944K [0x0000000084000000, 0x0000000100000000)
  region size 1024K, 24 young (24576K), 4 survivors (4096K)
 Metaspace       used 6866K, committed 7040K, reserved 1114112K
  class space    used 380K, committed 448K, reserved 1048576K
}
Event: 1.946 GC heap after
{Heap after GC invocations=5 (full 0):
 garbage-first heap   total 208896K, used 75776K [0x0000000084000000, 0x0000000100000000)
  region size 1024K, 3 young (3072K), 3 survivors (3072K)
 Metaspace       used 6866K, committed 7040K, reserved 1114112K
  class space    used 380K, committed 448K, reserved 1048576K
}
Event: 4.284 GC heap before
{Heap before GC invocations=6 (full 0):
 garbage-first heap   total 208896K, used 117760K [0x0000000084000000, 0x0000000100000000)
  region size 1024K, 45 young (46080K), 3 survivors (3072K)
 Metaspace       used 7152K, committed 7360K, reserved 1114112K
  class space    used 381K, committed 448K, reserved 1048576K
}
Event: 4.309 GC heap after
{Heap after GC invocations=7 (full 0):
 garbage-first heap   total 208896K, used 88576K [0x0000000084000000, 0x0000000100000000)
  region size 1024K, 6 young (6144K), 6 survivors (6144K)
 Metaspace       used 7152K, committed 7360K, reserved 1114112K
  class space    used 381K, committed 448K, reserved 1048576K
}
Event: 7.895 GC heap before
{Heap before GC invocations=7 (full 0):
 garbage-first heap   total 208896K, used 128512K [0x0000000084000000, 0x0000000100000000)
  region size 1024K, 45 young (46080K), 6 survivors (6144K)
 Metaspace       used 7328K, committed 7552K, reserved 1114112K
  class space    used 381K, committed 448K, reserved 1048576K
}
Event: 7.899 GC heap after
{Heap after GC invocations=8 (full 0):
 garbage-first heap   total 208896K, used 90908K [0x0000000084000000, 0x0000000100000000)
  region size 1024K, 1 young (1024K), 1 survivors (1024K)
 Metaspace       used 7328K, committed 7552K, reserved 1114112K
  class space    used 381K, committed 448K, reserved 1048576K
}
Event: 12.029 GC heap before
{Heap before GC invocations=8 (full 0):
 garbage-first heap   total 208896K, used 133916K [0x0000000084000000, 0x0000000100000000)
  region size 1024K, 43 young (44032K), 1 survivors (1024K)
 Metaspace       used 7429K, committed 7616K, reserved 1114112K
  class space    used 381K, committed 448K, reserved 1048576K
}
Event: 12.031 GC heap after
{Heap after GC invocations=9 (full 0):
 garbage-first heap   total 208896K, used 90278K [0x0000000084000000, 0x0000000100000000)
  region size 1024K, 1 young (1024K), 1 survivors (1024K)
 Metaspace       used 7429K, committed 7616K, reserved 1114112K
  class space    used 381K, committed 448K, reserved 1048576K
}

