# JRE version: OpenJDK Runtime Environment Corretto-18.0.2.9.1 (18.0.2+9) (build 18.0.2+9-FR)
# Java VM: OpenJDK 64-Bit Server VM Corretto-18.0.2.9.1 (18.0.2+9-FR, mixed mode, sharing, tiered, compressed oops, compressed class ptrs, g1 gc, windows-amd64)
GC Precious Log:
 CardTable entry size: 512
 Card Set container configuration: InlinePtr #cards 5 size 8 Array Of Cards #cards 12 size 40 Howl #buckets 4 coarsen threshold 1843 Howl Bitmap #cards 512 size 80 coarsen threshold 460 Card regions per heap region 1 cards per card region 2048
 CPUs: 12 total, 12 available
 Memory: 7930M
 Large Page Support: Disabled
 NUMA Support: Disabled
 Compressed Oops: Enabled (32-bit)
 Heap Region Size: 1M
 Heap Min Capacity: 8M
 Heap Initial Capacity: 124M
 Heap Max Capacity: 1984M
 Pre-touch: Disabled
 Parallel Workers: 10
 Concurrent Workers: 3
 Concurrent Refinement Workers: 10
 Periodic GC: Disabled
Heap:
 garbage-first heap   total 126976K, used 94332K [0x0000000084000000, 0x0000000100000000)
  region size 1024K, 41 young (41984K), 1 survivors (1024K)
 Metaspace       used 7573K, committed 7744K, reserved 1114112K
  class space    used 380K, committed 448K, reserved 1048576K
GC Heap History (20 events):
Event: 25.194 GC heap before
{Heap before GC invocations=9 (full 0):
 garbage-first heap   total 126976K, used 102541K [0x0000000084000000, 0x0000000100000000)
  region size 1024K, 48 young (49152K), 1 survivors (1024K)
 Metaspace       used 7569K, committed 7744K, reserved 1114112K
  class space    used 379K, committed 448K, reserved 1048576K
}
Event: 25.195 GC heap after
{Heap after GC invocations=10 (full 0):
 garbage-first heap   total 126976K, used 54426K [0x0000000084000000, 0x0000000100000000)
  region size 1024K, 1 young (1024K), 1 survivors (1024K)
 Metaspace       used 7569K, committed 7744K, reserved 1114112K
  class space    used 379K, committed 448K, reserved 1048576K
}
Event: 29.867 GC heap before
{Heap before GC invocations=10 (full 0):
 garbage-first heap   total 126976K, used 104602K [0x0000000084000000, 0x0000000100000000)
  region size 1024K, 50 young (51200K), 1 survivors (1024K)
 Metaspace       used 7569K, committed 7744K, reserved 1114112K
  class space    used 379K, committed 448K, reserved 1048576K
}
Event: 29.867 GC heap after
{Heap after GC invocations=11 (full 0):
 garbage-first heap   total 126976K, used 54432K [0x0000000084000000, 0x0000000100000000)
  region size 1024K, 1 young (1024K), 1 survivors (1024K)
 Metaspace       used 7569K, committed 7744K, reserved 1114112K
  class space    used 379K, committed 448K, reserved 1048576K
}
Event: 34.871 GC heap before
{Heap before GC invocations=11 (full 0):
 garbage-first heap   total 126976K, used 105632K [0x0000000084000000, 0x0000000100000000)
  region size 1024K, 51 young (52224K), 1 survivors (1024K)
 Metaspace       used 7569K, committed 7744K, reserved 1114112K
  class space    used 379K, committed 448K, reserved 1048576K
}
Event: 34.877 GC heap after
{Heap after GC invocations=12 (full 0):
 garbage-first heap   total 126976K, used 54435K [0x0000000084000000, 0x0000000100000000)
  region size 1024K, 1 young (1024K), 1 survivors (1024K)
 Metaspace       used 7569K, committed 7744K, reserved 1114112K
  class space    used 379K, committed 448K, reserved 1048576K
}
Event: 40.576 GC heap before
{Heap before GC invocations=12 (full 0):
 garbage-first heap   total 126976K, used 106659K [0x0000000084000000, 0x0000000100000000)
  region size 1024K, 52 young (53248K), 1 survivors (1024K)
 Metaspace       used 7569K, committed 7744K, reserved 1114112K
  class space    used 379K, committed 448K, reserved 1048576K
}
Event: 40.579 GC heap after
{Heap after GC invocations=13 (full 0):
 garbage-first heap   total 126976K, used 54437K [0x0000000084000000, 0x0000000100000000)
  region size 1024K, 1 young (1024K), 1 survivors (1024K)
 Metaspace       used 7569K, committed 7744K, reserved 1114112K
  class space    used 379K, committed 448K, reserved 1048576K
}
Event: 46.199 GC heap before
{Heap before GC invocations=13 (full 0):
 garbage-first heap   total 126976K, used 107685K [0x0000000084000000, 0x0000000100000000)
  region size 1024K, 53 young (54272K), 1 survivors (1024K)
 Metaspace       used 7569K, committed 7744K, reserved 1114112K
  class space    used 379K, committed 448K, reserved 1048576K
}
Event: 46.200 GC heap after
{Heap after GC invocations=14 (full 0):
 garbage-first heap   total 126976K, used 54440K [0x0000000084000000, 0x0000000100000000)
  region size 1024K, 1 young (1024K), 1 survivors (1024K)
 Metaspace       used 7569K, committed 7744K, reserved 1114112K
  class space    used 379K, committed 448K, reserved 1048576K
}
Event: 51.087 GC heap before
{Heap before GC invocations=14 (full 0):
 garbage-first heap   total 126976K, used 108712K [0x0000000084000000, 0x0000000100000000)
  region size 1024K, 54 young (55296K), 1 survivors (1024K)
 Metaspace       used 7569K, committed 7744K, reserved 1114112K
  class space    used 379K, committed 448K, reserved 1048576K
}
Event: 51.087 GC heap after
{Heap after GC invocations=15 (full 0):
 garbage-first heap   total 126976K, used 54452K [0x0000000084000000, 0x0000000100000000)
  region size 1024K, 1 young (1024K), 1 survivors (1024K)
 Metaspace       used 7569K, committed 7744K, reserved 1114112K
  class space    used 379K, committed 448K, reserved 1048576K
}
Event: 56.119 GC heap before
{Heap before GC invocations=15 (full 0):
 garbage-first heap   total 126976K, used 109748K [0x0000000084000000, 0x0000000100000000)
  region size 1024K, 55 young (56320K), 1 survivors (1024K)
 Metaspace       used 7570K, committed 7744K, reserved 1114112K
  class space    used 379K, committed 448K, reserved 1048576K
}
Event: 56.120 GC heap after
{Heap after GC invocations=16 (full 0):
 garbage-first heap   total 126976K, used 54397K [0x0000000084000000, 0x0000000100000000)
  region size 1024K, 1 young (1024K), 1 survivors (1024K)
 Metaspace       used 7570K, committed 7744K, reserved 1114112K
  class space    used 379K, committed 448K, reserved 1048576K
}
Event: 61.258 GC heap before
{Heap before GC invocations=16 (full 0):
 garbage-first heap   total 126976K, used 109693K [0x0000000084000000, 0x0000000100000000)
  region size 1024K, 55 young (56320K), 1 survivors (1024K)
 Metaspace       used 7570K, committed 7744K, reserved 1114112K
  class space    used 379K, committed 448K, reserved 1048576K
}
Event: 61.259 GC heap after
{Heap after GC invocations=17 (full 0):
 garbage-first heap   total 126976K, used 54391K [0x0000000084000000, 0x0000000100000000)
  region size 1024K, 1 young (1024K), 1 survivors (1024K)
 Metaspace       used 7570K, committed 7744K, reserved 1114112K
  class space    used 379K, committed 448K, reserved 1048576K
}
Event: 67.003 GC heap before
{Heap before GC invocations=17 (full 0):
 garbage-first heap   total 126976K, used 110711K [0x0000000084000000, 0x0000000100000000)
  region size 1024K, 56 young (57344K), 1 survivors (1024K)
 Metaspace       used 7570K, committed 7744K, reserved 1114112K
  class space    used 379K, committed 448K, reserved 1048576K
}
Event: 67.007 GC heap after
{Heap after GC invocations=18 (full 0):
 garbage-first heap   total 126976K, used 54396K [0x0000000084000000, 0x0000000100000000)
  region size 1024K, 1 young (1024K), 1 survivors (1024K)
 Metaspace       used 7570K, committed 7744K, reserved 1114112K
  class space    used 379K, committed 448K, reserved 1048576K
}
Event: 73.340 GC heap before
{Heap before GC invocations=18 (full 0):
 garbage-first heap   total 126976K, used 110716K [0x0000000084000000, 0x0000000100000000)
  region size 1024K, 56 young (57344K), 1 survivors (1024K)
 Metaspace       used 7570K, committed 7744K, reserved 1114112K
  class space    used 379K, committed 448K, reserved 1048576K
}
Event: 73.341 GC heap after
{Heap after GC invocations=19 (full 0):
 garbage-first heap   total 126976K, used 54396K [0x0000000084000000, 0x0000000100000000)
  region size 1024K, 1 young (1024K), 1 survivors (1024K)
 Metaspace       used 7570K, committed 7744K, reserved 1114112K
  class space    used 379K, committed 448K, reserved 1048576K
}

