# JRE version: OpenJDK Runtime Environment Corretto-18.0.2.9.1 (18.0.2+9) (build 18.0.2+9-FR)
# Java VM: OpenJDK 64-Bit Server VM Corretto-18.0.2.9.1 (18.0.2+9-FR, mixed mode, sharing, tiered, compressed oops, compressed class ptrs, g1 gc, windows-amd64)
GC Precious Log:
 CardTable entry size: 512
 Card Set container configuration: InlinePtr #cards 5 size 8 Array Of Cards #cards 12 size 40 Howl #buckets 4 coarsen threshold 1843 Howl Bitmap #cards 512 size 80 coarsen threshold 460 Card regions per heap region 1 cards per card region 2048
 CPUs: 12 total, 12 available
 Memory: 7930M
 Large Page Support: Disabled
 NUMA Support: Disabled
 Compressed Oops: Enabled (32-bit)
 Heap Region Size: 1M
 Heap Min Capacity: 8M
 Heap Initial Capacity: 124M
 Heap Max Capacity: 1984M
 Pre-touch: Disabled
 Parallel Workers: 10
 Concurrent Workers: 3
 Concurrent Refinement Workers: 10
 Periodic GC: Disabled
Heap:
 garbage-first heap   total 126976K, used 48815K [0x0000000084000000, 0x0000000100000000)
  region size 1024K, 28 young (28672K), 1 survivors (1024K)
 Metaspace       used 6966K, committed 7168K, reserved 1114112K
  class space    used 327K, committed 448K, reserved 1048576K
GC Heap History (20 events):
Event: 22.868 GC heap before
{Heap before GC invocations=5 (full 0):
 garbage-first heap   total 126976K, used 96968K [0x0000000084000000, 0x0000000100000000)
  region size 1024K, 74 young (75776K), 1 survivors (1024K)
 Metaspace       used 6963K, committed 7168K, reserved 1114112K
  class space    used 326K, committed 448K, reserved 1048576K
}
Event: 22.869 GC heap after
{Heap after GC invocations=6 (full 0):
 garbage-first heap   total 126976K, used 22162K [0x0000000084000000, 0x0000000100000000)
  region size 1024K, 1 young (1024K), 1 survivors (1024K)
 Metaspace       used 6963K, committed 7168K, reserved 1114112K
  class space    used 326K, committed 448K, reserved 1048576K
}
Event: 29.756 GC heap before
{Heap before GC invocations=6 (full 0):
 garbage-first heap   total 126976K, used 96914K [0x0000000084000000, 0x0000000100000000)
  region size 1024K, 74 young (75776K), 1 survivors (1024K)
 Metaspace       used 6963K, committed 7168K, reserved 1114112K
  class space    used 326K, committed 448K, reserved 1048576K
}
Event: 29.757 GC heap after
{Heap after GC invocations=7 (full 0):
 garbage-first heap   total 126976K, used 22161K [0x0000000084000000, 0x0000000100000000)
  region size 1024K, 1 young (1024K), 1 survivors (1024K)
 Metaspace       used 6963K, committed 7168K, reserved 1114112K
  class space    used 326K, committed 448K, reserved 1048576K
}
Event: 36.464 GC heap before
{Heap before GC invocations=7 (full 0):
 garbage-first heap   total 126976K, used 96913K [0x0000000084000000, 0x0000000100000000)
  region size 1024K, 74 young (75776K), 1 survivors (1024K)
 Metaspace       used 6963K, committed 7168K, reserved 1114112K
  class space    used 326K, committed 448K, reserved 1048576K
}
Event: 36.465 GC heap after
{Heap after GC invocations=8 (full 0):
 garbage-first heap   total 126976K, used 22182K [0x0000000084000000, 0x0000000100000000)
  region size 1024K, 1 young (1024K), 1 survivors (1024K)
 Metaspace       used 6963K, committed 7168K, reserved 1114112K
  class space    used 326K, committed 448K, reserved 1048576K
}
Event: 43.193 GC heap before
{Heap before GC invocations=8 (full 0):
 garbage-first heap   total 126976K, used 96934K [0x0000000084000000, 0x0000000100000000)
  region size 1024K, 74 young (75776K), 1 survivors (1024K)
 Metaspace       used 6963K, committed 7168K, reserved 1114112K
  class space    used 326K, committed 448K, reserved 1048576K
}
Event: 43.194 GC heap after
{Heap after GC invocations=9 (full 0):
 garbage-first heap   total 126976K, used 22206K [0x0000000084000000, 0x0000000100000000)
  region size 1024K, 1 young (1024K), 1 survivors (1024K)
 Metaspace       used 6963K, committed 7168K, reserved 1114112K
  class space    used 326K, committed 448K, reserved 1048576K
}
Event: 50.100 GC heap before
{Heap before GC invocations=9 (full 0):
 garbage-first heap   total 126976K, used 96958K [0x0000000084000000, 0x0000000100000000)
  region size 1024K, 74 young (75776K), 1 survivors (1024K)
 Metaspace       used 6963K, committed 7168K, reserved 1114112K
  class space    used 326K, committed 448K, reserved 1048576K
}
Event: 50.101 GC heap after
{Heap after GC invocations=10 (full 0):
 garbage-first heap   total 126976K, used 22170K [0x0000000084000000, 0x0000000100000000)
  region size 1024K, 1 young (1024K), 1 survivors (1024K)
 Metaspace       used 6963K, committed 7168K, reserved 1114112K
  class space    used 326K, committed 448K, reserved 1048576K
}
Event: 56.823 GC heap before
{Heap before GC invocations=10 (full 0):
 garbage-first heap   total 126976K, used 96922K [0x0000000084000000, 0x0000000100000000)
  region size 1024K, 74 young (75776K), 1 survivors (1024K)
 Metaspace       used 6963K, committed 7168K, reserved 1114112K
  class space    used 326K, committed 448K, reserved 1048576K
}
Event: 56.824 GC heap after
{Heap after GC invocations=11 (full 0):
 garbage-first heap   total 126976K, used 22187K [0x0000000084000000, 0x0000000100000000)
  region size 1024K, 1 young (1024K), 1 survivors (1024K)
 Metaspace       used 6963K, committed 7168K, reserved 1114112K
  class space    used 326K, committed 448K, reserved 1048576K
}
Event: 63.849 GC heap before
{Heap before GC invocations=11 (full 0):
 garbage-first heap   total 126976K, used 96939K [0x0000000084000000, 0x0000000100000000)
  region size 1024K, 74 young (75776K), 1 survivors (1024K)
 Metaspace       used 6963K, committed 7168K, reserved 1114112K
  class space    used 326K, committed 448K, reserved 1048576K
}
Event: 63.850 GC heap after
{Heap after GC invocations=12 (full 0):
 garbage-first heap   total 126976K, used 22215K [0x0000000084000000, 0x0000000100000000)
  region size 1024K, 1 young (1024K), 1 survivors (1024K)
 Metaspace       used 6963K, committed 7168K, reserved 1114112K
  class space    used 326K, committed 448K, reserved 1048576K
}
Event: 70.626 GC heap before
{Heap before GC invocations=12 (full 0):
 garbage-first heap   total 126976K, used 96967K [0x0000000084000000, 0x0000000100000000)
  region size 1024K, 74 young (75776K), 1 survivors (1024K)
 Metaspace       used 6963K, committed 7168K, reserved 1114112K
  class space    used 326K, committed 448K, reserved 1048576K
}
Event: 70.627 GC heap after
{Heap after GC invocations=13 (full 0):
 garbage-first heap   total 126976K, used 22189K [0x0000000084000000, 0x0000000100000000)
  region size 1024K, 1 young (1024K), 1 survivors (1024K)
 Metaspace       used 6963K, committed 7168K, reserved 1114112K
  class space    used 326K, committed 448K, reserved 1048576K
}
Event: 77.570 GC heap before
{Heap before GC invocations=13 (full 0):
 garbage-first heap   total 126976K, used 96941K [0x0000000084000000, 0x0000000100000000)
  region size 1024K, 74 young (75776K), 1 survivors (1024K)
 Metaspace       used 6963K, committed 7168K, reserved 1114112K
  class space    used 326K, committed 448K, reserved 1048576K
}
Event: 77.571 GC heap after
{Heap after GC invocations=14 (full 0):
 garbage-first heap   total 126976K, used 22161K [0x0000000084000000, 0x0000000100000000)
  region size 1024K, 1 young (1024K), 1 survivors (1024K)
 Metaspace       used 6963K, committed 7168K, reserved 1114112K
  class space    used 326K, committed 448K, reserved 1048576K
}
Event: 84.311 GC heap before
{Heap before GC invocations=14 (full 0):
 garbage-first heap   total 126976K, used 96913K [0x0000000084000000, 0x0000000100000000)
  region size 1024K, 74 young (75776K), 1 survivors (1024K)
 Metaspace       used 6963K, committed 7168K, reserved 1114112K
  class space    used 326K, committed 448K, reserved 1048576K
}
Event: 84.312 GC heap after
{Heap after GC invocations=15 (full 0):
 garbage-first heap   total 126976K, used 22191K [0x0000000084000000, 0x0000000100000000)
  region size 1024K, 1 young (1024K), 1 survivors (1024K)
 Metaspace       used 6963K, committed 7168K, reserved 1114112K
  class space    used 326K, committed 448K, reserved 1048576K
}

